frontend/app/build/intermediates/manifest_merge_blame_file/debug/processDebugMainManifest/manifest-merger-blame-debug-report.txt
1<?xml version="1.0" encoding="utf-8"?>
2<manifest xmlns:android="http://schemas.android.com/apk/res/android"
3    package="com.example.theshop"
4    android:versionCode="1"
5    android:versionName="1.0" >
6
7    <uses-sdk
8        android:minSdkVersion="24"
9        android:targetSdkVersion="34" />
10
11    <uses-permission android:name="android.permission.INTERNET" />
11-->src/main/AndroidManifest.xml:5:5-67
11-->src/main/AndroidManifest.xml:5:22-64
12    <uses-permission android:name="android.permission.ACCESS_NETWORK_STATE" />
12-->src/main/AndroidManifest.xml:6:5-79
12-->src/main/AndroidManifest.xml:6:22-76
13    <uses-permission android:name="android.permission.WAKE_LOCK" />
13-->[com.google.android.gms:play-services-measurement-api:22.1.0] AndroidManifest.xml:24:5-68
13-->[com.google.android.gms:play-services-measurement-api:22.1.0] AndroidManifest.xml:24:22-65
14    <uses-permission android:name="com.google.android.gms.permission.AD_ID" />
14-->[com.google.android.gms:play-services-measurement-api:22.1.0] AndroidManifest.xml:25:5-79
14-->[com.google.android.gms:play-services-measurement-api:22.1.0] AndroidManifest.xml:25:22-76
15    <uses-permission android:name="android.permission.ACCESS_ADSERVICES_ATTRIBUTION" />
15-->[com.google.android.gms:play-services-measurement-api:22.1.0] AndroidManifest.xml:26:5-88
15-->[com.google.android.gms:play-services-measurement-api:22.1.0] AndroidManifest.xml:26:22-85
16    <uses-permission android:name="android.permission.ACCESS_ADSERVICES_AD_ID" />
16-->[com.google.android.gms:play-services-measurement-api:22.1.0] AndroidManifest.xml:27:5-82
16-->[com.google.android.gms:play-services-measurement-api:22.1.0] AndroidManifest.xml:27:22-79
17    <uses-permission android:name="com.google.android.finsky.permission.BIND_GET_INSTALL_REFERRER_SERVICE" />
17-->[com.google.android.gms:play-services-measurement:22.1.0] AndroidManifest.xml:26:5-110
17-->[com.google.android.gms:play-services-measurement:22.1.0] AndroidManifest.xml:26:22-107
18
19    <permission
19-->[androidx.core:core:1.13.0] AndroidManifest.xml:22:5-24:47
20        android:name="com.example.theshop.DYNAMIC_RECEIVER_NOT_EXPORTED_PERMISSION"
20-->[androidx.core:core:1.13.0] AndroidManifest.xml:23:9-81
21        android:protectionLevel="signature" />
21-->[androidx.core:core:1.13.0] AndroidManifest.xml:24:9-44
22
23    <uses-permission android:name="com.example.theshop.DYNAMIC_RECEIVER_NOT_EXPORTED_PERMISSION" />
23-->[androidx.core:core:1.13.0] AndroidManifest.xml:26:5-97
23-->[androidx.core:core:1.13.0] AndroidManifest.xml:26:22-94
24
25    <application
25-->src/main/AndroidManifest.xml:8:5-52:19
26        android:allowBackup="true"
26-->src/main/AndroidManifest.xml:9:9-35
27        android:appComponentFactory="androidx.core.app.CoreComponentFactory"
27-->[androidx.core:core:1.13.0] AndroidManifest.xml:28:18-86
28        android:dataExtractionRules="@xml/data_extraction_rules"
28-->src/main/AndroidManifest.xml:10:9-65
29        android:debuggable="true"
30        android:extractNativeLibs="false"
31        android:fullBackupContent="@xml/backup_rules"
31-->src/main/AndroidManifest.xml:11:9-54
32        android:icon="@mipmap/ic_launcher"
32-->src/main/AndroidManifest.xml:12:9-43
33        android:label="@string/app_name"
33-->src/main/AndroidManifest.xml:13:9-41
34        android:roundIcon="@mipmap/ic_launcher_round"
34-->src/main/AndroidManifest.xml:14:9-54
35        android:supportsRtl="true"
35-->src/main/AndroidManifest.xml:15:9-35
36        android:testOnly="true"
37        android:theme="@style/Theme.TheShop"
37-->src/main/AndroidManifest.xml:16:9-45
38        android:usesCleartextTraffic="true" >
38-->src/main/AndroidManifest.xml:17:9-44
39        <activity
39-->src/main/AndroidManifest.xml:19:9-21:40
40            android:name="com.example.theshop.Activity.Profile"
40-->src/main/AndroidManifest.xml:20:13-45
41            android:exported="false" />
41-->src/main/AndroidManifest.xml:21:13-37
42        <activity
42-->src/main/AndroidManifest.xml:22:9-24:40
43            android:name="com.example.theshop.Activity.MyOrders"
43-->src/main/AndroidManifest.xml:23:13-46
44            android:exported="false" />
44-->src/main/AndroidManifest.xml:24:13-37
45        <activity
45-->src/main/AndroidManifest.xml:25:9-27:40
46            android:name="com.example.theshop.Activity.SearchResults"
46-->src/main/AndroidManifest.xml:26:13-51
47            android:exported="false" />
47-->src/main/AndroidManifest.xml:27:13-37
48        <activity
48-->src/main/AndroidManifest.xml:28:9-30:40
49            android:name="com.example.theshop.Activity.CartActivity"
49-->src/main/AndroidManifest.xml:29:13-50
50            android:exported="false" />
50-->src/main/AndroidManifest.xml:30:13-37
51        <activity
51-->src/main/AndroidManifest.xml:31:9-33:40
52            android:name="com.example.theshop.Activity.DetailActivity"
52-->src/main/AndroidManifest.xml:32:13-52
53            android:exported="false" />
53-->src/main/AndroidManifest.xml:33:13-37
54        <activity
54-->src/main/AndroidManifest.xml:34:9-36:40
55            android:name="com.example.theshop.Activity.Home"
55-->src/main/AndroidManifest.xml:35:13-42
56            android:exported="false" />
56-->src/main/AndroidManifest.xml:36:13-37
57        <activity
57-->src/main/AndroidManifest.xml:37:9-39:40
58            android:name="com.example.theshop.Activity.SignUp"
58-->src/main/AndroidManifest.xml:38:13-44
59            android:exported="false" />
59-->src/main/AndroidManifest.xml:39:13-37
60        <activity
60-->src/main/AndroidManifest.xml:40:9-42:40
61            android:name="com.example.theshop.Activity.Login"
61-->src/main/AndroidManifest.xml:41:13-43
62            android:exported="false" />
62-->src/main/AndroidManifest.xml:42:13-37
63        <activity
63-->src/main/AndroidManifest.xml:43:9-51:20
64            android:name="com.example.theshop.Activity.MainActivity"
64-->src/main/AndroidManifest.xml:44:13-50
65            android:exported="true" >
65-->src/main/AndroidManifest.xml:45:13-36
66            <intent-filter>
66-->src/main/AndroidManifest.xml:46:13-50:29
67                <action android:name="android.intent.action.MAIN" />
67-->src/main/AndroidManifest.xml:47:17-69
67-->src/main/AndroidManifest.xml:47:25-66
68
69                <category android:name="android.intent.category.LAUNCHER" />
69-->src/main/AndroidManifest.xml:49:17-77
69-->src/main/AndroidManifest.xml:49:27-74
70            </intent-filter>
71        </activity>
72
73        <service
73-->[com.google.firebase:firebase-database:21.0.0] AndroidManifest.xml:26:9-35:19
74            android:name="com.google.firebase.components.ComponentDiscoveryService"
74-->[com.google.firebase:firebase-database:21.0.0] AndroidManifest.xml:27:13-84
75            android:directBootAware="true"
75-->[com.google.firebase:firebase-common:21.0.0] AndroidManifest.xml:32:13-43
76            android:exported="false" >
76-->[com.google.firebase:firebase-database:21.0.0] AndroidManifest.xml:28:13-37
77            <meta-data
77-->[com.google.firebase:firebase-database:21.0.0] AndroidManifest.xml:29:13-31:85
78                android:name="com.google.firebase.components:com.google.firebase.database.FirebaseDatabaseKtxRegistrar"
78-->[com.google.firebase:firebase-database:21.0.0] AndroidManifest.xml:30:17-120
79                android:value="com.google.firebase.components.ComponentRegistrar" />
79-->[com.google.firebase:firebase-database:21.0.0] AndroidManifest.xml:31:17-82
80            <meta-data
80-->[com.google.firebase:firebase-database:21.0.0] AndroidManifest.xml:32:13-34:85
81                android:name="com.google.firebase.components:com.google.firebase.database.DatabaseRegistrar"
81-->[com.google.firebase:firebase-database:21.0.0] AndroidManifest.xml:33:17-109
82                android:value="com.google.firebase.components.ComponentRegistrar" />
82-->[com.google.firebase:firebase-database:21.0.0] AndroidManifest.xml:34:17-82
83            <meta-data
83-->[com.google.android.gms:play-services-measurement-api:22.1.0] AndroidManifest.xml:37:13-39:85
84                android:name="com.google.firebase.components:com.google.firebase.analytics.connector.internal.AnalyticsConnectorRegistrar"
84-->[com.google.android.gms:play-services-measurement-api:22.1.0] AndroidManifest.xml:38:17-139
85                android:value="com.google.firebase.components.ComponentRegistrar" />
85-->[com.google.android.gms:play-services-measurement-api:22.1.0] AndroidManifest.xml:39:17-82
86            <meta-data
86-->[com.google.firebase:firebase-installations:18.0.0] AndroidManifest.xml:15:13-17:85
87                android:name="com.google.firebase.components:com.google.firebase.installations.FirebaseInstallationsKtxRegistrar"
87-->[com.google.firebase:firebase-installations:18.0.0] AndroidManifest.xml:16:17-130
88                android:value="com.google.firebase.components.ComponentRegistrar" />
88-->[com.google.firebase:firebase-installations:18.0.0] AndroidManifest.xml:17:17-82
89            <meta-data
89-->[com.google.firebase:firebase-installations:18.0.0] AndroidManifest.xml:18:13-20:85
90                android:name="com.google.firebase.components:com.google.firebase.installations.FirebaseInstallationsRegistrar"
90-->[com.google.firebase:firebase-installations:18.0.0] AndroidManifest.xml:19:17-127
91                android:value="com.google.firebase.components.ComponentRegistrar" />
91-->[com.google.firebase:firebase-installations:18.0.0] AndroidManifest.xml:20:17-82
92            <meta-data
92-->[com.google.firebase:firebase-common-ktx:21.0.0] AndroidManifest.xml:12:13-14:85
93                android:name="com.google.firebase.components:com.google.firebase.ktx.FirebaseCommonLegacyRegistrar"
93-->[com.google.firebase:firebase-common-ktx:21.0.0] AndroidManifest.xml:13:17-116
94                android:value="com.google.firebase.components.ComponentRegistrar" />
94-->[com.google.firebase:firebase-common-ktx:21.0.0] AndroidManifest.xml:14:17-82
95            <meta-data
95-->[com.google.firebase:firebase-common:21.0.0] AndroidManifest.xml:35:13-37:85
96                android:name="com.google.firebase.components:com.google.firebase.FirebaseCommonKtxRegistrar"
96-->[com.google.firebase:firebase-common:21.0.0] AndroidManifest.xml:36:17-109
97                android:value="com.google.firebase.components.ComponentRegistrar" />
97-->[com.google.firebase:firebase-common:21.0.0] AndroidManifest.xml:37:17-82
98        </service>
99
100        <property
100-->[com.google.android.gms:play-services-measurement-api:22.1.0] AndroidManifest.xml:30:9-32:61
101            android:name="android.adservices.AD_SERVICES_CONFIG"
101-->[com.google.android.gms:play-services-measurement-api:22.1.0] AndroidManifest.xml:31:13-65
102            android:resource="@xml/ga_ad_services_config" />
102-->[com.google.android.gms:play-services-measurement-api:22.1.0] AndroidManifest.xml:32:13-58
103
104        <provider
104-->[com.google.firebase:firebase-common:21.0.0] AndroidManifest.xml:23:9-28:39
105            android:name="com.google.firebase.provider.FirebaseInitProvider"
105-->[com.google.firebase:firebase-common:21.0.0] AndroidManifest.xml:24:13-77
106            android:authorities="com.example.theshop.firebaseinitprovider"
106-->[com.google.firebase:firebase-common:21.0.0] AndroidManifest.xml:25:13-72
107            android:directBootAware="true"
107-->[com.google.firebase:firebase-common:21.0.0] AndroidManifest.xml:26:13-43
108            android:exported="false"
108-->[com.google.firebase:firebase-common:21.0.0] AndroidManifest.xml:27:13-37
109            android:initOrder="100" />
109-->[com.google.firebase:firebase-common:21.0.0] AndroidManifest.xml:28:13-36
110
111        <receiver
111-->[com.google.android.gms:play-services-measurement:22.1.0] AndroidManifest.xml:29:9-33:20
112            android:name="com.google.android.gms.measurement.AppMeasurementReceiver"
112-->[com.google.android.gms:play-services-measurement:22.1.0] AndroidManifest.xml:30:13-85
113            android:enabled="true"
113-->[com.google.android.gms:play-services-measurement:22.1.0] AndroidManifest.xml:31:13-35
114            android:exported="false" >
114-->[com.google.android.gms:play-services-measurement:22.1.0] AndroidManifest.xml:32:13-37
115        </receiver>
116
117        <service
117-->[com.google.android.gms:play-services-measurement:22.1.0] AndroidManifest.xml:35:9-38:40
118            android:name="com.google.android.gms.measurement.AppMeasurementService"
118-->[com.google.android.gms:play-services-measurement:22.1.0] AndroidManifest.xml:36:13-84
119            android:enabled="true"
119-->[com.google.android.gms:play-services-measurement:22.1.0] AndroidManifest.xml:37:13-35
120            android:exported="false" />
120-->[com.google.android.gms:play-services-measurement:22.1.0] AndroidManifest.xml:38:13-37
121        <service
121-->[com.google.android.gms:play-services-measurement:22.1.0] AndroidManifest.xml:39:9-43:72
122            android:name="com.google.android.gms.measurement.AppMeasurementJobService"
122-->[com.google.android.gms:play-services-measurement:22.1.0] AndroidManifest.xml:40:13-87
123            android:enabled="true"
123-->[com.google.android.gms:play-services-measurement:22.1.0] AndroidManifest.xml:41:13-35
124            android:exported="false"
124-->[com.google.android.gms:play-services-measurement:22.1.0] AndroidManifest.xml:42:13-37
125            android:permission="android.permission.BIND_JOB_SERVICE" />
125-->[com.google.android.gms:play-services-measurement:22.1.0] AndroidManifest.xml:43:13-69
126        <service
126-->[androidx.credentials:credentials-play-services-auth:1.3.0-beta01] AndroidManifest.xml:24:9-32:19
127            android:name="androidx.credentials.playservices.CredentialProviderMetadataHolder"
127-->[androidx.credentials:credentials-play-services-auth:1.3.0-beta01] AndroidManifest.xml:25:13-94
128            android:enabled="true"
128-->[androidx.credentials:credentials-play-services-auth:1.3.0-beta01] AndroidManifest.xml:26:13-35
129            android:exported="false" >
129-->[androidx.credentials:credentials-play-services-auth:1.3.0-beta01] AndroidManifest.xml:27:13-37
130            <meta-data
130-->[androidx.credentials:credentials-play-services-auth:1.3.0-beta01] AndroidManifest.xml:29:13-31:104
131                android:name="androidx.credentials.CREDENTIAL_PROVIDER_KEY"
131-->[androidx.credentials:credentials-play-services-auth:1.3.0-beta01] AndroidManifest.xml:30:17-76
132                android:value="androidx.credentials.playservices.CredentialProviderPlayServicesImpl" />
132-->[androidx.credentials:credentials-play-services-auth:1.3.0-beta01] AndroidManifest.xml:31:17-101
133        </service>
134
135        <activity
135-->[androidx.credentials:credentials-play-services-auth:1.3.0-beta01] AndroidManifest.xml:34:9-41:20
136            android:name="androidx.credentials.playservices.HiddenActivity"
136-->[androidx.credentials:credentials-play-services-auth:1.3.0-beta01] AndroidManifest.xml:35:13-76
137            android:configChanges="orientation|screenSize|screenLayout|keyboardHidden"
137-->[androidx.credentials:credentials-play-services-auth:1.3.0-beta01] AndroidManifest.xml:36:13-87
138            android:enabled="true"
138-->[androidx.credentials:credentials-play-services-auth:1.3.0-beta01] AndroidManifest.xml:37:13-35
139            android:exported="false"
139-->[androidx.credentials:credentials-play-services-auth:1.3.0-beta01] AndroidManifest.xml:38:13-37
140            android:fitsSystemWindows="true"
140-->[androidx.credentials:credentials-play-services-auth:1.3.0-beta01] AndroidManifest.xml:39:13-45
141            android:theme="@style/Theme.Hidden" >
141-->[androidx.credentials:credentials-play-services-auth:1.3.0-beta01] AndroidManifest.xml:40:13-48
142        </activity>
143        <activity
143-->[com.google.android.gms:play-services-auth:21.1.1] AndroidManifest.xml:23:9-27:75
144            android:name="com.google.android.gms.auth.api.signin.internal.SignInHubActivity"
144-->[com.google.android.gms:play-services-auth:21.1.1] AndroidManifest.xml:24:13-93
145            android:excludeFromRecents="true"
145-->[com.google.android.gms:play-services-auth:21.1.1] AndroidManifest.xml:25:13-46
146            android:exported="false"
146-->[com.google.android.gms:play-services-auth:21.1.1] AndroidManifest.xml:26:13-37
147            android:theme="@android:style/Theme.Translucent.NoTitleBar" />
147-->[com.google.android.gms:play-services-auth:21.1.1] AndroidManifest.xml:27:13-72
148        <!--
149            Service handling Google Sign-In user revocation. For apps that do not integrate with
150            Google Sign-In, this service will never be started.
151        -->
152        <service
152-->[com.google.android.gms:play-services-auth:21.1.1] AndroidManifest.xml:33:9-37:51
153            android:name="com.google.android.gms.auth.api.signin.RevocationBoundService"
153-->[com.google.android.gms:play-services-auth:21.1.1] AndroidManifest.xml:34:13-89
154            android:exported="true"
154-->[com.google.android.gms:play-services-auth:21.1.1] AndroidManifest.xml:35:13-36
155            android:permission="com.google.android.gms.auth.api.signin.permission.REVOCATION_NOTIFICATION"
155-->[com.google.android.gms:play-services-auth:21.1.1] AndroidManifest.xml:36:13-107
156            android:visibleToInstantApps="true" />
156-->[com.google.android.gms:play-services-auth:21.1.1] AndroidManifest.xml:37:13-48
157
158        <activity
158-->[com.google.android.gms:play-services-base:18.3.0] AndroidManifest.xml:20:9-22:45
159            android:name="com.google.android.gms.common.api.GoogleApiActivity"
159-->[com.google.android.gms:play-services-base:18.3.0] AndroidManifest.xml:20:19-85
160            android:exported="false"
160-->[com.google.android.gms:play-services-base:18.3.0] AndroidManifest.xml:22:19-43
161            android:theme="@android:style/Theme.Translucent.NoTitleBar" />
161-->[com.google.android.gms:play-services-base:18.3.0] AndroidManifest.xml:21:19-78
162
163        <uses-library
163-->[androidx.privacysandbox.ads:ads-adservices:1.0.0-beta05] AndroidManifest.xml:23:9-25:40
164            android:name="android.ext.adservices"
164-->[androidx.privacysandbox.ads:ads-adservices:1.0.0-beta05] AndroidManifest.xml:24:13-50
165            android:required="false" />
165-->[androidx.privacysandbox.ads:ads-adservices:1.0.0-beta05] AndroidManifest.xml:25:13-37
166
167        <provider
167-->[androidx.emoji2:emoji2:1.3.0] AndroidManifest.xml:24:9-32:20
168            android:name="androidx.startup.InitializationProvider"
168-->[androidx.emoji2:emoji2:1.3.0] AndroidManifest.xml:25:13-67
169            android:authorities="com.example.theshop.androidx-startup"
169-->[androidx.emoji2:emoji2:1.3.0] AndroidManifest.xml:26:13-68
170            android:exported="false" >
170-->[androidx.emoji2:emoji2:1.3.0] AndroidManifest.xml:27:13-37
171            <meta-data
171-->[androidx.emoji2:emoji2:1.3.0] AndroidManifest.xml:29:13-31:52
172                android:name="androidx.emoji2.text.EmojiCompatInitializer"
172-->[androidx.emoji2:emoji2:1.3.0] AndroidManifest.xml:30:17-75
173                android:value="androidx.startup" />
173-->[androidx.emoji2:emoji2:1.3.0] AndroidManifest.xml:31:17-49
174            <meta-data
174-->[androidx.lifecycle:lifecycle-process:2.6.2] AndroidManifest.xml:29:13-31:52
175                android:name="androidx.lifecycle.ProcessLifecycleInitializer"
175-->[androidx.lifecycle:lifecycle-process:2.6.2] AndroidManifest.xml:30:17-78
176                android:value="androidx.startup" />
176-->[androidx.lifecycle:lifecycle-process:2.6.2] AndroidManifest.xml:31:17-49
177            <meta-data
177-->[androidx.profileinstaller:profileinstaller:1.3.1] AndroidManifest.xml:29:13-31:52
178                android:name="androidx.profileinstaller.ProfileInstallerInitializer"
178-->[androidx.profileinstaller:profileinstaller:1.3.1] AndroidManifest.xml:30:17-85
179                android:value="androidx.startup" />
179-->[androidx.profileinstaller:profileinstaller:1.3.1] AndroidManifest.xml:31:17-49
180        </provider>
181
182        <meta-data
182-->[com.google.android.gms:play-services-basement:18.4.0] AndroidManifest.xml:6:9-122
183            android:name="com.google.android.gms.version"
183-->[com.google.android.gms:play-services-basement:18.4.0] AndroidManifest.xml:6:20-65
184            android:value="@integer/google_play_services_version" />
184-->[com.google.android.gms:play-services-basement:18.4.0] AndroidManifest.xml:6:66-119
185
186        <receiver
186-->[androidx.profileinstaller:profileinstaller:1.3.1] AndroidManifest.xml:34:9-52:20
187            android:name="androidx.profileinstaller.ProfileInstallReceiver"
187-->[androidx.profileinstaller:profileinstaller:1.3.1] AndroidManifest.xml:35:13-76
188            android:directBootAware="false"
188-->[androidx.profileinstaller:profileinstaller:1.3.1] AndroidManifest.xml:36:13-44
189            android:enabled="true"
189-->[androidx.profileinstaller:profileinstaller:1.3.1] AndroidManifest.xml:37:13-35
190            android:exported="true"
190-->[androidx.profileinstaller:profileinstaller:1.3.1] AndroidManifest.xml:38:13-36
191            android:permission="android.permission.DUMP" >
191-->[androidx.profileinstaller:profileinstaller:1.3.1] AndroidManifest.xml:39:13-57
192            <intent-filter>
192-->[androidx.profileinstaller:profileinstaller:1.3.1] AndroidManifest.xml:40:13-42:29
193                <action android:name="androidx.profileinstaller.action.INSTALL_PROFILE" />
193-->[androidx.profileinstaller:profileinstaller:1.3.1] AndroidManifest.xml:41:17-91
193-->[androidx.profileinstaller:profileinstaller:1.3.1] AndroidManifest.xml:41:25-88
194            </intent-filter>
195            <intent-filter>
195-->[androidx.profileinstaller:profileinstaller:1.3.1] AndroidManifest.xml:43:13-45:29
196                <action android:name="androidx.profileinstaller.action.SKIP_FILE" />
196-->[androidx.profileinstaller:profileinstaller:1.3.1] AndroidManifest.xml:44:17-85
196-->[androidx.profileinstaller:profileinstaller:1.3.1] AndroidManifest.xml:44:25-82
197            </intent-filter>
198            <intent-filter>
198-->[androidx.profileinstaller:profileinstaller:1.3.1] AndroidManifest.xml:46:13-48:29
199                <action android:name="androidx.profileinstaller.action.SAVE_PROFILE" />
199-->[androidx.profileinstaller:profileinstaller:1.3.1] AndroidManifest.xml:47:17-88
199-->[androidx.profileinstaller:profileinstaller:1.3.1] AndroidManifest.xml:47:25-85
200            </intent-filter>
201            <intent-filter>
201-->[androidx.profileinstaller:profileinstaller:1.3.1] AndroidManifest.xml:49:13-51:29
202                <action android:name="androidx.profileinstaller.action.BENCHMARK_OPERATION" />
202-->[androidx.profileinstaller:profileinstaller:1.3.1] AndroidManifest.xml:50:17-95
202-->[androidx.profileinstaller:profileinstaller:1.3.1] AndroidManifest.xml:50:25-92
203            </intent-filter>
204        </receiver>
205    </application>
206
207</manifest>